Build started 2016/9/18 下午 2:13:05.
     1>Project "C:\Users\kevin\Documents\Visual Studio 2012\Projects\BabyGaze\BabyGaze\BabyGaze.vcxproj" on node 2 (Build target(s)).
     1>ClCompile:
         C:\Program Files (x86)\Microsoft Visual Studio 11.0\VC\bin\CL.exe /c /I"C:\Program Files\MATLAB\R2012a\extern\include" /I"C:\Users\kevin\Documents\Visual Studio 2012\Projects\BabyGaze\config4cpp\include" /IF:\opencv\build\/include /ZI /nologo /W3 /WX- /Od /Oy- /D WIN32 /D _DEBUG /D _WINDOWS /D _UNICODE /D UNICODE /Gm /EHsc /MDd /GS /fp:precise /Zc:wchar_t /Zc:forScope /Fo"Debug\\" /Fd"Debug\vc110.pdb" /Gd /TP /analyze- /errorReport:prompt BabyGaze_main.cpp
         BabyGaze_main.cpp
     1>c:\users\kevin\documents\visual studio 2012\projects\babygaze\babygaze\programpara.h(29): warning C4244: 'argument' : conversion from 'double' to 'int', possible loss of data
     1>c:\users\kevin\documents\visual studio 2012\projects\babygaze\babygaze\programpara.h(45): warning C4244: 'initializing' : conversion from 'double' to 'float', possible loss of data
     1>c:\users\kevin\documents\visual studio 2012\projects\babygaze\babygaze\programpara.h(46): warning C4244: 'initializing' : conversion from 'double' to 'float', possible loss of data
     1>c:\users\kevin\documents\visual studio 2012\projects\babygaze\babygaze\programpara.h(50): warning C4244: 'initializing' : conversion from 'double' to 'float', possible loss of data
     1>c:\users\kevin\documents\visual studio 2012\projects\babygaze\babygaze\programpara.h(51): warning C4244: 'argument' : conversion from 'float' to 'int', possible loss of data
     1>c:\users\kevin\documents\visual studio 2012\projects\babygaze\babygaze\programpara.h(63): warning C4244: 'argument' : conversion from 'float' to 'int', possible loss of data
     1>c:\users\kevin\documents\visual studio 2012\projects\babygaze\babygaze\programpara.h(64): warning C4244: 'argument' : conversion from 'float' to 'int', possible loss of data
     1>c:\users\kevin\documents\visual studio 2012\projects\babygaze\babygaze\programpara.h(76): warning C4244: 'argument' : conversion from 'double' to 'int', possible loss of data
     1>c:\users\kevin\documents\visual studio 2012\projects\babygaze\babygaze\programpara.h(99): warning C4244: '=' : conversion from 'int' to 'float', possible loss of data
     1>c:\users\kevin\documents\visual studio 2012\projects\babygaze\babygaze\programpara.h(100): warning C4244: '=' : conversion from 'int' to 'float', possible loss of data
     1>c:\users\kevin\documents\visual studio 2012\projects\babygaze\babygaze\programpara.h(101): warning C4244: '=' : conversion from 'int' to 'float', possible loss of data
     1>c:\users\kevin\documents\visual studio 2012\projects\babygaze\babygaze\programpara.h(109): warning C4244: 'argument' : conversion from 'double' to 'int', possible loss of data
     1>c:\users\kevin\documents\visual studio 2012\projects\babygaze\babygaze\babypara.h(99): warning C4244: 'argument' : conversion from 'double' to 'float', possible loss of data
     1>c:\users\kevin\documents\visual studio 2012\projects\babygaze\babygaze\babypara.h(100): warning C4244: 'argument' : conversion from 'double' to 'float', possible loss of data
     1>c:\users\kevin\documents\visual studio 2012\projects\babygaze\babygaze\babypara.h(125): warning C4244: 'argument' : conversion from 'double' to 'int', possible loss of data
     1>c:\users\kevin\documents\visual studio 2012\projects\babygaze\babygaze\babypara.h(126): warning C4244: 'argument' : conversion from 'double' to 'int', possible loss of data
     1>c:\users\kevin\documents\visual studio 2012\projects\babygaze\babygaze\babypara.h(128): warning C4244: 'argument' : conversion from 'double' to 'int', possible loss of data
     1>c:\users\kevin\documents\visual studio 2012\projects\babygaze\babygaze\babypara.h(128): warning C4244: '=' : conversion from 'double' to 'float', possible loss of data
     1>c:\users\kevin\documents\visual studio 2012\projects\babygaze\babygaze\babypara.h(132): warning C4244: 'argument' : conversion from 'double' to 'int', possible loss of data
     1>c:\users\kevin\documents\visual studio 2012\projects\babygaze\babygaze\babypara.h(132): warning C4244: '=' : conversion from 'double' to 'float', possible loss of data
     1>c:\users\kevin\documents\visual studio 2012\projects\babygaze\babygaze\babypara.h(135): warning C4244: 'argument' : conversion from 'double' to 'int', possible loss of data
     1>c:\users\kevin\documents\visual studio 2012\projects\babygaze\babygaze\babypara.h(136): warning C4244: 'argument' : conversion from 'double' to 'int', possible loss of data
     1>c:\users\kevin\documents\visual studio 2012\projects\babygaze\babygaze\babypara.h(143): warning C4244: 'argument' : conversion from 'double' to 'int', possible loss of data
     1>c:\users\kevin\documents\visual studio 2012\projects\babygaze\babygaze\babypara.h(144): warning C4244: 'argument' : conversion from 'double' to 'int', possible loss of data
     1>c:\users\kevin\documents\visual studio 2012\projects\babygaze\babygaze\babypara.h(146): warning C4244: 'argument' : conversion from 'double' to 'int', possible loss of data
     1>c:\users\kevin\documents\visual studio 2012\projects\babygaze\babygaze\babypara.h(146): warning C4244: '=' : conversion from 'double' to 'float', possible loss of data
     1>c:\users\kevin\documents\visual studio 2012\projects\babygaze\babygaze\babypara.h(150): warning C4244: 'argument' : conversion from 'double' to 'int', possible loss of data
     1>c:\users\kevin\documents\visual studio 2012\projects\babygaze\babygaze\babypara.h(150): warning C4244: '=' : conversion from 'double' to 'float', possible loss of data
     1>c:\users\kevin\documents\visual studio 2012\projects\babygaze\babygaze\babypara.h(153): warning C4244: 'argument' : conversion from 'double' to 'int', possible loss of data
     1>c:\users\kevin\documents\visual studio 2012\projects\babygaze\babygaze\babypara.h(154): warning C4244: 'argument' : conversion from 'double' to 'int', possible loss of data
     1>c:\users\kevin\documents\visual studio 2012\projects\babygaze\babygaze\babypara.h(177): warning C4244: 'argument' : conversion from 'double' to 'int', possible loss of data
     1>c:\users\kevin\documents\visual studio 2012\projects\babygaze\babygaze\babypara.h(178): warning C4244: 'argument' : conversion from 'double' to 'int', possible loss of data
     1>c:\users\kevin\documents\visual studio 2012\projects\babygaze\babygaze\babypara.h(180): warning C4244: 'argument' : conversion from 'double' to 'int', possible loss of data
     1>c:\users\kevin\documents\visual studio 2012\projects\babygaze\babygaze\babypara.h(180): warning C4244: '=' : conversion from 'double' to 'float', possible loss of data
     1>c:\users\kevin\documents\visual studio 2012\projects\babygaze\babygaze\babypara.h(184): warning C4244: 'argument' : conversion from 'double' to 'int', possible loss of data
     1>c:\users\kevin\documents\visual studio 2012\projects\babygaze\babygaze\babypara.h(184): warning C4244: '=' : conversion from 'double' to 'float', possible loss of data
     1>c:\users\kevin\documents\visual studio 2012\projects\babygaze\babygaze\babypara.h(187): warning C4244: 'argument' : conversion from 'double' to 'int', possible loss of data
     1>c:\users\kevin\documents\visual studio 2012\projects\babygaze\babygaze\babypara.h(188): warning C4244: 'argument' : conversion from 'double' to 'int', possible loss of data
     1>c:\users\kevin\documents\visual studio 2012\projects\babygaze\babygaze\babypara.h(195): warning C4244: 'argument' : conversion from 'double' to 'int', possible loss of data
     1>c:\users\kevin\documents\visual studio 2012\projects\babygaze\babygaze\babypara.h(196): warning C4244: 'argument' : conversion from 'double' to 'int', possible loss of data
     1>c:\users\kevin\documents\visual studio 2012\projects\babygaze\babygaze\babypara.h(198): warning C4244: 'argument' : conversion from 'double' to 'int', possible loss of data
     1>c:\users\kevin\documents\visual studio 2012\projects\babygaze\babygaze\babypara.h(198): warning C4244: '=' : conversion from 'double' to 'float', possible loss of data
     1>c:\users\kevin\documents\visual studio 2012\projects\babygaze\babygaze\babypara.h(202): warning C4244: 'argument' : conversion from 'double' to 'int', possible loss of data
     1>c:\users\kevin\documents\visual studio 2012\projects\babygaze\babygaze\babypara.h(202): warning C4244: '=' : conversion from 'double' to 'float', possible loss of data
     1>c:\users\kevin\documents\visual studio 2012\projects\babygaze\babygaze\babypara.h(205): warning C4244: 'argument' : conversion from 'double' to 'int', possible loss of data
     1>c:\users\kevin\documents\visual studio 2012\projects\babygaze\babygaze\babypara.h(206): warning C4244: 'argument' : conversion from 'double' to 'int', possible loss of data
     1>c:\users\kevin\documents\visual studio 2012\projects\babygaze\babygaze\babygaze_main.cpp(99): warning C4018: '<' : signed/unsigned mismatch
     1>c:\users\kevin\documents\visual studio 2012\projects\babygaze\babygaze\babygaze_main.cpp(121): warning C4018: '<' : signed/unsigned mismatch
     1>c:\users\kevin\documents\visual studio 2012\projects\babygaze\babygaze\babygaze_main.cpp(123): warning C4244: 'initializing' : conversion from 'double' to 'int', possible loss of data
     1>c:\users\kevin\documents\visual studio 2012\projects\babygaze\babygaze\babygaze_main.cpp(144): warning C4244: 'initializing' : conversion from 'double' to 'int', possible loss of data
     1>c:\users\kevin\documents\visual studio 2012\projects\babygaze\babygaze\babygaze_main.cpp(165): warning C4996: 'fopen': This function or variable may be unsafe. Consider using fopen_s instead. To disable deprecation, use _CRT_SECURE_NO_WARNINGS. See online help for details.
                 c:\program files (x86)\microsoft visual studio 11.0\vc\include\stdio.h(218) : see declaration of 'fopen'
     1>c:\users\kevin\documents\visual studio 2012\projects\babygaze\babygaze\babygaze_main.cpp(181): warning C4244: 'argument' : conversion from 'double' to 'int', possible loss of data
     1>c:\users\kevin\documents\visual studio 2012\projects\babygaze\babygaze\babygaze_main.cpp(225): warning C4244: 'argument' : conversion from 'double' to 'float', possible loss of data
     1>c:\users\kevin\documents\visual studio 2012\projects\babygaze\babygaze\babygaze_main.cpp(226): warning C4244: 'argument' : conversion from 'double' to 'float', possible loss of data
     1>c:\users\kevin\documents\visual studio 2012\projects\babygaze\babygaze\babygaze_main.cpp(257): warning C4996: 'fopen': This function or variable may be unsafe. Consider using fopen_s instead. To disable deprecation, use _CRT_SECURE_NO_WARNINGS. See online help for details.
                 c:\program files (x86)\microsoft visual studio 11.0\vc\include\stdio.h(218) : see declaration of 'fopen'
     1>c:\users\kevin\documents\visual studio 2012\projects\babygaze\babygaze\babygaze_main.cpp(292): warning C4244: 'argument' : conversion from 'double' to 'float', possible loss of data
     1>c:\users\kevin\documents\visual studio 2012\projects\babygaze\babygaze\babygaze_main.cpp(293): warning C4244: 'argument' : conversion from 'double' to 'float', possible loss of data
     1>c:\users\kevin\documents\visual studio 2012\projects\babygaze\babygaze\babygaze_main.cpp(329): warning C4996: 'fopen': This function or variable may be unsafe. Consider using fopen_s instead. To disable deprecation, use _CRT_SECURE_NO_WARNINGS. See online help for details.
                 c:\program files (x86)\microsoft visual studio 11.0\vc\include\stdio.h(218) : see declaration of 'fopen'
     1>c:\users\kevin\documents\visual studio 2012\projects\babygaze\babygaze\babygaze_main.cpp(342): warning C4244: 'argument' : conversion from 'double' to 'float', possible loss of data
     1>c:\users\kevin\documents\visual studio 2012\projects\babygaze\babygaze\babygaze_main.cpp(343): warning C4244: 'argument' : conversion from 'double' to 'float', possible loss of data
     1>c:\users\kevin\documents\visual studio 2012\projects\babygaze\babygaze\babygaze_main.cpp(396): warning C4996: 'fopen': This function or variable may be unsafe. Consider using fopen_s instead. To disable deprecation, use _CRT_SECURE_NO_WARNINGS. See online help for details.
                 c:\program files (x86)\microsoft visual studio 11.0\vc\include\stdio.h(218) : see declaration of 'fopen'
       Link:
         C:\Program Files (x86)\Microsoft Visual Studio 11.0\VC\bin\link.exe /ERRORREPORT:PROMPT /OUT:"C:\Users\kevin\Documents\Visual Studio 2012\Projects\BabyGaze\Debug\BabyGaze.exe" /INCREMENTAL /NOLOGO /LIBPATH:"C:\Program Files\MATLAB\R2012a\extern\lib\win64\microsoft" /LIBPATH:"C:\Users\kevin\Documents\Visual Studio 2012\Projects\BabyGaze\config4cpp\lib" /LIBPATH:F:\opencv\build\x86\vc11\lib config4cpp.lib opencv_calib3d249d.lib opencv_contrib249d.lib opencv_core249d.lib opencv_features2d249d.lib opencv_flann249d.lib opencv_gpu249d.lib opencv_highgui249d.lib opencv_imgproc249d.lib opencv_legacy249d.lib opencv_ml249d.lib opencv_nonfree249d.lib opencv_objdetect249d.lib opencv_ocl249d.lib opencv_photo249d.lib opencv_stitching249d.lib opencv_superres249d.lib opencv_ts249d.lib opencv_video249d.lib opencv_videostab249d.lib Vfw32.lib libmwlapack.lib libmex.lib libmx.lib kernel32.lib user32.lib gdi32.lib winspool.lib comdlg32.lib advapi32.lib shell32.lib ole32.lib oleaut32.lib uuid.lib odbc32.lib odbccp32.lib /MANIFEST /MANIFESTUAC:"level='asInvoker' uiAccess='false'" /manifest:embed /DEBUG /PDB:"C:\Users\kevin\Documents\Visual Studio 2012\Projects\BabyGaze\Debug\BabyGaze.pdb" /SUBSYSTEM:CONSOLE /TLBID:1 /DYNAMICBASE /NXCOMPAT /IMPLIB:"C:\Users\kevin\Documents\Visual Studio 2012\Projects\BabyGaze\Debug\BabyGaze.lib" /MACHINE:X86 Debug\BabyGaze_main.obj
         Debug\bwareaopen_3rdParty.obj
         Debug\bwconncomp_3rdParty.obj
         Debug\checkMatType.obj
         Debug\estGaze.obj
         Debug\estInPlaneRot.obj
         Debug\find8Points.obj
         Debug\genTarTemplate.obj
         Debug\getEyeRegion.obj
         Debug\getSkinAvg.obj
         Debug\irisSegmentation.obj
         Debug\myEllipseAngleEst.obj
         Debug\removeReflection.obj
         Debug\SetBabyParameter.obj
         Debug\test.obj
         Debug\tracking.obj
         BabyGaze.vcxproj -> C:\Users\kevin\Documents\Visual Studio 2012\Projects\BabyGaze\Debug\BabyGaze.exe
     1>Done Building Project "C:\Users\kevin\Documents\Visual Studio 2012\Projects\BabyGaze\BabyGaze\BabyGaze.vcxproj" (Build target(s)).

Build succeeded.

Time Elapsed 00:00:03.63
