C:\USERS\KEVIN\DOCUMENTS\VISUAL STUDIO 2012\PROJECTS\BABYGAZE\BABYGAZE\X64\DEBUG\BABYPARA.OBJ
C:\USERS\KEVIN\DOCUMENTS\VISUAL STUDIO 2012\PROJECTS\BABYGAZE\BABYGAZE\X64\DEBUG\GENTARTEMPLATE.OBJ
C:\USERS\KEVIN\DOCUMENTS\VISUAL STUDIO 2012\PROJECTS\BABYGAZE\BABYGAZE\X64\DEBUG\MYELLIPSEANGLEEST.OBJ
C:\USERS\KEVIN\DOCUMENTS\VISUAL STUDIO 2012\PROJECTS\BABYGAZE\BABYGAZE\X64\DEBUG\TEST.OBJ
C:\USERS\KEVIN\DOCUMENTS\VISUAL STUDIO 2012\PROJECTS\BABYGAZE\BABYGAZE\X64\DEBUG\TRACKING.OBJ
C:\USERS\KEVIN\DOCUMENTS\VISUAL STUDIO 2012\PROJECTS\BABYGAZE\BABYGAZE\X64\DEBUG\VC110.PDB
C:\Users\kevin\Documents\Visual Studio 2012\Projects\BabyGaze\BabyGaze\x64\Debug\babyPara.obj
C:\Users\kevin\Documents\Visual Studio 2012\Projects\BabyGaze\BabyGaze\x64\Debug\genTarTemplate.obj
C:\Users\kevin\Documents\Visual Studio 2012\Projects\BabyGaze\BabyGaze\x64\Debug\myEllipseAngleEst.obj
C:\Users\kevin\Documents\Visual Studio 2012\Projects\BabyGaze\BabyGaze\x64\Debug\test.obj
C:\Users\kevin\Documents\Visual Studio 2012\Projects\BabyGaze\BabyGaze\x64\Debug\tracking.obj
C:\Users\kevin\Documents\Visual Studio 2012\Projects\BabyGaze\BabyGaze\x64\Debug\cl.command.1.tlog
C:\Users\kevin\Documents\Visual Studio 2012\Projects\BabyGaze\BabyGaze\x64\Debug\CL.read.1.tlog
C:\Users\kevin\Documents\Visual Studio 2012\Projects\BabyGaze\BabyGaze\x64\Debug\CL.write.1.tlog
C:\Users\kevin\Documents\Visual Studio 2012\Projects\BabyGaze\BabyGaze\x64\Debug\link-cvtres.read.1.tlog
C:\Users\kevin\Documents\Visual Studio 2012\Projects\BabyGaze\BabyGaze\x64\Debug\link-cvtres.write.1.tlog
C:\Users\kevin\Documents\Visual Studio 2012\Projects\BabyGaze\BabyGaze\x64\Debug\link-rc.read.1.tlog
C:\Users\kevin\Documents\Visual Studio 2012\Projects\BabyGaze\BabyGaze\x64\Debug\link-rc.write.1.tlog
C:\Users\kevin\Documents\Visual Studio 2012\Projects\BabyGaze\BabyGaze\x64\Debug\link.4832-cvtres.read.1.tlog
C:\Users\kevin\Documents\Visual Studio 2012\Projects\BabyGaze\BabyGaze\x64\Debug\link.4832-cvtres.write.1.tlog
C:\Users\kevin\Documents\Visual Studio 2012\Projects\BabyGaze\BabyGaze\x64\Debug\link.4832-rc.read.1.tlog
C:\Users\kevin\Documents\Visual Studio 2012\Projects\BabyGaze\BabyGaze\x64\Debug\link.4832-rc.write.1.tlog
C:\Users\kevin\Documents\Visual Studio 2012\Projects\BabyGaze\BabyGaze\x64\Debug\link.4832.read.1.tlog
C:\Users\kevin\Documents\Visual Studio 2012\Projects\BabyGaze\BabyGaze\x64\Debug\link.4832.write.1.tlog
C:\Users\kevin\Documents\Visual Studio 2012\Projects\BabyGaze\BabyGaze\x64\Debug\link.command.1.tlog
C:\Users\kevin\Documents\Visual Studio 2012\Projects\BabyGaze\BabyGaze\x64\Debug\link.read.1.tlog
C:\Users\kevin\Documents\Visual Studio 2012\Projects\BabyGaze\BabyGaze\x64\Debug\link.write.1.tlog
C:\Users\kevin\Documents\Visual Studio 2012\Projects\BabyGaze\BabyGaze\x64\Debug\vc110.idb
C:\Users\kevin\Documents\Visual Studio 2012\Projects\BabyGaze\BabyGaze\x64\Debug\vc110.pdb
C:\Users\kevin\Documents\Visual Studio 2012\Projects\BabyGaze\x64\Debug\BabyGaze.pdb
