C:\USERS\KEVIN\DOCUMENTS\VISUAL STUDIO 2012\PROJECTS\BABYGAZE\BABYGAZE\RELEASE\TRACKING.OBJ
C:\USERS\KEVIN\DOCUMENTS\VISUAL STUDIO 2012\PROJECTS\BABYGAZE\BABYGAZE\RELEASE\TEST.OBJ
C:\USERS\KEVIN\DOCUMENTS\VISUAL STUDIO 2012\PROJECTS\BABYGAZE\BABYGAZE\RELEASE\SETBABYPARAMETER.OBJ
C:\USERS\KEVIN\DOCUMENTS\VISUAL STUDIO 2012\PROJECTS\BABYGAZE\BABYGAZE\RELEASE\REMOVEREFLECTION.OBJ
C:\USERS\KEVIN\DOCUMENTS\VISUAL STUDIO 2012\PROJECTS\BABYGAZE\BABYGAZE\RELEASE\MYELLIPSEANGLEEST.OBJ
C:\USERS\KEVIN\DOCUMENTS\VISUAL STUDIO 2012\PROJECTS\BABYGAZE\BABYGAZE\RELEASE\IRISSEGMENTATION.OBJ
C:\USERS\KEVIN\DOCUMENTS\VISUAL STUDIO 2012\PROJECTS\BABYGAZE\BABYGAZE\RELEASE\GETSKINAVG.OBJ
C:\USERS\KEVIN\DOCUMENTS\VISUAL STUDIO 2012\PROJECTS\BABYGAZE\BABYGAZE\RELEASE\GETEYEREGION.OBJ
C:\USERS\KEVIN\DOCUMENTS\VISUAL STUDIO 2012\PROJECTS\BABYGAZE\BABYGAZE\RELEASE\GENTARTEMPLATE.OBJ
C:\USERS\KEVIN\DOCUMENTS\VISUAL STUDIO 2012\PROJECTS\BABYGAZE\BABYGAZE\RELEASE\FIND8POINTS.OBJ
C:\USERS\KEVIN\DOCUMENTS\VISUAL STUDIO 2012\PROJECTS\BABYGAZE\BABYGAZE\RELEASE\ESTINPLANEROT.OBJ
C:\USERS\KEVIN\DOCUMENTS\VISUAL STUDIO 2012\PROJECTS\BABYGAZE\BABYGAZE\RELEASE\ESTGAZE.OBJ
C:\USERS\KEVIN\DOCUMENTS\VISUAL STUDIO 2012\PROJECTS\BABYGAZE\BABYGAZE\RELEASE\CHECKMATTYPE.OBJ
C:\USERS\KEVIN\DOCUMENTS\VISUAL STUDIO 2012\PROJECTS\BABYGAZE\BABYGAZE\RELEASE\BWCONNCOMP_3RDPARTY.OBJ
C:\USERS\KEVIN\DOCUMENTS\VISUAL STUDIO 2012\PROJECTS\BABYGAZE\BABYGAZE\RELEASE\BWAREAOPEN_3RDPARTY.OBJ
C:\USERS\KEVIN\DOCUMENTS\VISUAL STUDIO 2012\PROJECTS\BABYGAZE\BABYGAZE\RELEASE\BABYPARA.OBJ
C:\USERS\KEVIN\DOCUMENTS\VISUAL STUDIO 2012\PROJECTS\BABYGAZE\BABYGAZE\RELEASE\BABYGAZE_MAIN.OBJ
C:\USERS\KEVIN\DOCUMENTS\VISUAL STUDIO 2012\PROJECTS\BABYGAZE\BABYGAZE\RELEASE\VC110.PDB
C:\USERS\KEVIN\DOCUMENTS\VISUAL STUDIO 2012\PROJECTS\BABYGAZE\RELEASE\BABYGAZE.EXE
C:\USERS\KEVIN\DOCUMENTS\VISUAL STUDIO 2012\PROJECTS\BABYGAZE\RELEASE\BABYGAZE.PDB
C:\Users\kevin\Documents\Visual Studio 2012\Projects\BabyGaze\BabyGaze\Release\BabyGaze_main.obj
C:\Users\kevin\Documents\Visual Studio 2012\Projects\BabyGaze\BabyGaze\Release\babyPara.obj
C:\Users\kevin\Documents\Visual Studio 2012\Projects\BabyGaze\BabyGaze\Release\bwareaopen_3rdParty.obj
C:\Users\kevin\Documents\Visual Studio 2012\Projects\BabyGaze\BabyGaze\Release\bwconncomp_3rdParty.obj
C:\Users\kevin\Documents\Visual Studio 2012\Projects\BabyGaze\BabyGaze\Release\checkMatType.obj
C:\Users\kevin\Documents\Visual Studio 2012\Projects\BabyGaze\BabyGaze\Release\estGaze.obj
C:\Users\kevin\Documents\Visual Studio 2012\Projects\BabyGaze\BabyGaze\Release\estInPlaneRot.obj
C:\Users\kevin\Documents\Visual Studio 2012\Projects\BabyGaze\BabyGaze\Release\find8Points.obj
C:\Users\kevin\Documents\Visual Studio 2012\Projects\BabyGaze\BabyGaze\Release\genTarTemplate.obj
C:\Users\kevin\Documents\Visual Studio 2012\Projects\BabyGaze\BabyGaze\Release\getEyeRegion.obj
C:\Users\kevin\Documents\Visual Studio 2012\Projects\BabyGaze\BabyGaze\Release\getSkinAvg.obj
C:\Users\kevin\Documents\Visual Studio 2012\Projects\BabyGaze\BabyGaze\Release\irisSegmentation.obj
C:\Users\kevin\Documents\Visual Studio 2012\Projects\BabyGaze\BabyGaze\Release\myEllipseAngleEst.obj
C:\Users\kevin\Documents\Visual Studio 2012\Projects\BabyGaze\BabyGaze\Release\removeReflection.obj
C:\Users\kevin\Documents\Visual Studio 2012\Projects\BabyGaze\BabyGaze\Release\SetBabyParameter.obj
C:\Users\kevin\Documents\Visual Studio 2012\Projects\BabyGaze\BabyGaze\Release\test.obj
C:\Users\kevin\Documents\Visual Studio 2012\Projects\BabyGaze\BabyGaze\Release\tracking.obj
C:\Users\kevin\Documents\Visual Studio 2012\Projects\BabyGaze\BabyGaze\Release\cl.command.1.tlog
C:\Users\kevin\Documents\Visual Studio 2012\Projects\BabyGaze\BabyGaze\Release\CL.read.1.tlog
C:\Users\kevin\Documents\Visual Studio 2012\Projects\BabyGaze\BabyGaze\Release\CL.write.1.tlog
C:\Users\kevin\Documents\Visual Studio 2012\Projects\BabyGaze\BabyGaze\Release\link-cvtres.read.1.tlog
C:\Users\kevin\Documents\Visual Studio 2012\Projects\BabyGaze\BabyGaze\Release\link-cvtres.write.1.tlog
C:\Users\kevin\Documents\Visual Studio 2012\Projects\BabyGaze\BabyGaze\Release\link-rc.read.1.tlog
C:\Users\kevin\Documents\Visual Studio 2012\Projects\BabyGaze\BabyGaze\Release\link-rc.write.1.tlog
C:\Users\kevin\Documents\Visual Studio 2012\Projects\BabyGaze\BabyGaze\Release\link.command.1.tlog
C:\Users\kevin\Documents\Visual Studio 2012\Projects\BabyGaze\BabyGaze\Release\link.read.1.tlog
C:\Users\kevin\Documents\Visual Studio 2012\Projects\BabyGaze\BabyGaze\Release\link.write.1.tlog
C:\Users\kevin\Documents\Visual Studio 2012\Projects\BabyGaze\Release\BabyGaze.pdb
C:\Users\kevin\Documents\Visual Studio 2012\Projects\BabyGaze\Release\BabyGaze.exe
