Build started 2016/8/30 上午 9:38:06.
     1>Project "C:\Users\kevin\Documents\Visual Studio 2012\Projects\BabyGaze\BabyGaze\BabyGaze.vcxproj" on node 2 (Rebuild target(s)).
     1>ClCompile:
         C:\Program Files (x86)\Microsoft Visual Studio 11.0\VC\bin\x86_amd64\CL.exe /c /Zi /nologo /W3 /WX- /O2 /Oi /GL /D WIN32 /D NDEBUG /D _WINDOWS /D _UNICODE /D UNICODE /Gm- /EHsc /MD /GS /Gy /fp:precise /Zc:wchar_t /Zc:forScope /Fo"x64\Release\\" /Fd"x64\Release\vc110.pdb" /Gd /TP /errorReport:prompt BabyGaze_main.cpp babyPara.cpp bwareaopen_3rdParty.cpp bwconncomp_3rdParty.cpp checkMatType.cpp estGaze.cpp estInPlaneRot.cpp find8Points.cpp genTarTemplate.cpp getEyeRegion.cpp getSkinAvg.cpp irisSegmentation.cpp myEllipseAngleEst.cpp removeReflection.cpp SetBabyParameter.cpp test.cpp tracking.cpp
         BabyGaze_main.cpp
     1>BabyGaze_main.cpp(2): fatal error C1083: Cannot open include file: 'config4cpp/Configuration.h': No such file or directory
         babyPara.cpp
         bwareaopen_3rdParty.cpp
     1>bwareaopen_3rdParty.cpp(1): fatal error C1083: Cannot open include file: 'opencv2\opencv.hpp': No such file or directory
         bwconncomp_3rdParty.cpp
     1>bwconncomp_3rdParty.cpp(2): fatal error C1083: Cannot open include file: 'opencv2/imgproc/imgproc.hpp': No such file or directory
         checkMatType.cpp
     1>checkMatType.cpp(2): fatal error C1083: Cannot open include file: 'opencv2\opencv.hpp': No such file or directory
         estGaze.cpp
     1>estGaze.cpp(1): fatal error C1083: Cannot open include file: 'opencv2\opencv.hpp': No such file or directory
         estInPlaneRot.cpp
     1>estInPlaneRot.cpp(2): fatal error C1083: Cannot open include file: 'opencv2\opencv.hpp': No such file or directory
         find8Points.cpp
     1>find8Points.cpp(2): fatal error C1083: Cannot open include file: 'opencv2\opencv.hpp': No such file or directory
         genTarTemplate.cpp
     1>genTarTemplate.cpp(2): fatal error C1083: Cannot open include file: 'opencv2\opencv.hpp': No such file or directory
         getEyeRegion.cpp
     1>getEyeRegion.cpp(1): fatal error C1083: Cannot open include file: 'opencv2\opencv.hpp': No such file or directory
         getSkinAvg.cpp
     1>getSkinAvg.cpp(1): fatal error C1083: Cannot open include file: 'opencv2\opencv.hpp': No such file or directory
         irisSegmentation.cpp
     1>irisSegmentation.cpp(1): fatal error C1083: Cannot open include file: 'opencv2\opencv.hpp': No such file or directory
         myEllipseAngleEst.cpp
     1>myEllipseAngleEst.cpp(1): fatal error C1083: Cannot open include file: 'opencv2\opencv.hpp': No such file or directory
         removeReflection.cpp
     1>removeReflection.cpp(1): fatal error C1083: Cannot open include file: 'opencv2\opencv.hpp': No such file or directory
         SetBabyParameter.cpp
     1>SetBabyParameter.cpp(1): fatal error C1083: Cannot open include file: 'opencv2\opencv.hpp': No such file or directory
         test.cpp
         tracking.cpp
     1>tracking.cpp(1): fatal error C1083: Cannot open include file: 'opencv2\opencv.hpp': No such file or directory
     1>Done Building Project "C:\Users\kevin\Documents\Visual Studio 2012\Projects\BabyGaze\BabyGaze\BabyGaze.vcxproj" (Rebuild target(s)) -- FAILED.

Build FAILED.

Time Elapsed 00:00:01.01
